# JRE version: Java(TM) SE Runtime Environment (21.0.6+8) (build 21.0.6+8-LTS-188)
# Java VM: Java HotSpot(TM) 64-Bit Server VM (21.0.6+8-LTS-188, mixed mode, sharing, tiered, compressed oops, compressed class ptrs, g1 gc, windows-amd64)
GC Precious Log:
 CardTable entry size: 512
 Card Set container configuration: InlinePtr #cards 5 size 8 Array Of Cards #cards 12 size 40 Howl #buckets 4 coarsen threshold 1843 Howl Bitmap #cards 512 size 80 coarsen threshold 460 Card regions per heap region 1 cards per card region 2048
 CPUs: 4 total, 4 available
 Memory: 6030M
 Large Page Support: Disabled
 NUMA Support: Disabled
 Compressed Oops: Enabled (32-bit)
 Heap Region Size: 1M
 Heap Min Capacity: 8M
 Heap Initial Capacity: 96M
 Heap Max Capacity: 1508M
 Pre-touch: Disabled
 Parallel Workers: 4
 Concurrent Workers: 1
 Concurrent Refinement Workers: 4
 Periodic GC: Disabled
Heap:
 garbage-first heap   total 53248K, used 34344K [0x00000000a1c00000, 0x0000000100000000)
  region size 1024K, 7 young (7168K), 2 survivors (2048K)
 Metaspace       used 70743K, committed 71424K, reserved 1114112K
  class space    used 9344K, committed 9664K, reserved 1048576K
GC Heap History (20 events):
Event: 7.386 GC heap before
{Heap before GC invocations=6 (full 0):
 garbage-first heap   total 51200K, used 38651K [0x00000000a1c00000, 0x0000000100000000)
  region size 1024K, 26 young (26624K), 3 survivors (3072K)
 Metaspace       used 29766K, committed 30272K, reserved 1114112K
  class space    used 3715K, committed 3968K, reserved 1048576K
}
Event: 7.397 GC heap after
{Heap after GC invocations=7 (full 0):
 garbage-first heap   total 51200K, used 17030K [0x00000000a1c00000, 0x0000000100000000)
  region size 1024K, 3 young (3072K), 3 survivors (3072K)
 Metaspace       used 29766K, committed 30272K, reserved 1114112K
  class space    used 3715K, committed 3968K, reserved 1048576K
}
Event: 9.057 GC heap before
{Heap before GC invocations=7 (full 0):
 garbage-first heap   total 51200K, used 40582K [0x00000000a1c00000, 0x0000000100000000)
  region size 1024K, 26 young (26624K), 3 survivors (3072K)
 Metaspace       used 34413K, committed 35008K, reserved 1114112K
  class space    used 4345K, committed 4608K, reserved 1048576K
}
Event: 9.072 GC heap after
{Heap after GC invocations=8 (full 0):
 garbage-first heap   total 51200K, used 19382K [0x00000000a1c00000, 0x0000000100000000)
  region size 1024K, 4 young (4096K), 4 survivors (4096K)
 Metaspace       used 34413K, committed 35008K, reserved 1114112K
  class space    used 4345K, committed 4608K, reserved 1048576K
}
Event: 9.475 GC heap before
{Heap before GC invocations=8 (full 0):
 garbage-first heap   total 51200K, used 27574K [0x00000000a1c00000, 0x0000000100000000)
  region size 1024K, 14 young (14336K), 4 survivors (4096K)
 Metaspace       used 35873K, committed 36480K, reserved 1114112K
  class space    used 4524K, committed 4800K, reserved 1048576K
}
Event: 9.485 GC heap after
{Heap after GC invocations=9 (full 0):
 garbage-first heap   total 51200K, used 20526K [0x00000000a1c00000, 0x0000000100000000)
  region size 1024K, 1 young (1024K), 1 survivors (1024K)
 Metaspace       used 35873K, committed 36480K, reserved 1114112K
  class space    used 4524K, committed 4800K, reserved 1048576K
}
Event: 11.229 GC heap before
{Heap before GC invocations=10 (full 0):
 garbage-first heap   total 51200K, used 42030K [0x00000000a1c00000, 0x0000000100000000)
  region size 1024K, 22 young (22528K), 1 survivors (1024K)
 Metaspace       used 41087K, committed 41728K, reserved 1114112K
  class space    used 5385K, committed 5696K, reserved 1048576K
}
Event: 11.233 GC heap after
{Heap after GC invocations=11 (full 0):
 garbage-first heap   total 51200K, used 21158K [0x00000000a1c00000, 0x0000000100000000)
  region size 1024K, 2 young (2048K), 2 survivors (2048K)
 Metaspace       used 41087K, committed 41728K, reserved 1114112K
  class space    used 5385K, committed 5696K, reserved 1048576K
}
Event: 13.284 GC heap before
{Heap before GC invocations=11 (full 0):
 garbage-first heap   total 51200K, used 42662K [0x00000000a1c00000, 0x0000000100000000)
  region size 1024K, 23 young (23552K), 2 survivors (2048K)
 Metaspace       used 50694K, committed 51264K, reserved 1114112K
  class space    used 6512K, committed 6784K, reserved 1048576K
}
Event: 13.291 GC heap after
{Heap after GC invocations=12 (full 0):
 garbage-first heap   total 51200K, used 22962K [0x00000000a1c00000, 0x0000000100000000)
  region size 1024K, 3 young (3072K), 3 survivors (3072K)
 Metaspace       used 50694K, committed 51264K, reserved 1114112K
  class space    used 6512K, committed 6784K, reserved 1048576K
}
Event: 14.493 GC heap before
{Heap before GC invocations=12 (full 0):
 garbage-first heap   total 51200K, used 42418K [0x00000000a1c00000, 0x0000000100000000)
  region size 1024K, 23 young (23552K), 3 survivors (3072K)
 Metaspace       used 55419K, committed 56000K, reserved 1114112K
  class space    used 7104K, committed 7360K, reserved 1048576K
}
Event: 14.500 GC heap after
{Heap after GC invocations=13 (full 0):
 garbage-first heap   total 51200K, used 24592K [0x00000000a1c00000, 0x0000000100000000)
  region size 1024K, 2 young (2048K), 2 survivors (2048K)
 Metaspace       used 55419K, committed 56000K, reserved 1114112K
  class space    used 7104K, committed 7360K, reserved 1048576K
}
Event: 15.518 GC heap before
{Heap before GC invocations=13 (full 0):
 garbage-first heap   total 51200K, used 37904K [0x00000000a1c00000, 0x0000000100000000)
  region size 1024K, 17 young (17408K), 2 survivors (2048K)
 Metaspace       used 60355K, committed 60928K, reserved 1114112K
  class space    used 7923K, committed 8192K, reserved 1048576K
}
Event: 15.522 GC heap after
{Heap after GC invocations=14 (full 0):
 garbage-first heap   total 51200K, used 24937K [0x00000000a1c00000, 0x0000000100000000)
  region size 1024K, 2 young (2048K), 2 survivors (2048K)
 Metaspace       used 60355K, committed 60928K, reserved 1114112K
  class space    used 7923K, committed 8192K, reserved 1048576K
}
Event: 16.650 GC heap before
{Heap before GC invocations=15 (full 0):
 garbage-first heap   total 51200K, used 45417K [0x00000000a1c00000, 0x0000000100000000)
  region size 1024K, 22 young (22528K), 2 survivors (2048K)
 Metaspace       used 65094K, committed 65664K, reserved 1114112K
  class space    used 8571K, committed 8832K, reserved 1048576K
}
Event: 16.656 GC heap after
{Heap after GC invocations=16 (full 0):
 garbage-first heap   total 51200K, used 26547K [0x00000000a1c00000, 0x0000000100000000)
  region size 1024K, 3 young (3072K), 3 survivors (3072K)
 Metaspace       used 65094K, committed 65664K, reserved 1114112K
  class space    used 8571K, committed 8832K, reserved 1048576K
}
Event: 17.704 GC heap before
{Heap before GC invocations=16 (full 0):
 garbage-first heap   total 51200K, used 43955K [0x00000000a1c00000, 0x0000000100000000)
  region size 1024K, 20 young (20480K), 3 survivors (3072K)
 Metaspace       used 68352K, committed 68992K, reserved 1114112K
  class space    used 9061K, committed 9344K, reserved 1048576K
}
Event: 17.713 GC heap after
{Heap after GC invocations=17 (full 0):
 garbage-first heap   total 51200K, used 28081K [0x00000000a1c00000, 0x0000000100000000)
  region size 1024K, 3 young (3072K), 3 survivors (3072K)
 Metaspace       used 68352K, committed 68992K, reserved 1114112K
  class space    used 9061K, committed 9344K, reserved 1048576K
}
Event: 18.489 GC heap before
{Heap before GC invocations=17 (full 0):
 garbage-first heap   total 51200K, used 44465K [0x00000000a1c00000, 0x0000000100000000)
  region size 1024K, 19 young (19456K), 3 survivors (3072K)
 Metaspace       used 70373K, committed 71040K, reserved 1114112K
  class space    used 9330K, committed 9664K, reserved 1048576K
}
Event: 18.499 GC heap after
{Heap after GC invocations=18 (full 0):
 garbage-first heap   total 51200K, used 30248K [0x00000000a1c00000, 0x0000000100000000)
  region size 1024K, 2 young (2048K), 2 survivors (2048K)
 Metaspace       used 70373K, committed 71040K, reserved 1114112K
  class space    used 9330K, committed 9664K, reserved 1048576K
}

