# JRE version: Java(TM) SE Runtime Environment (21.0.6+8) (build 21.0.6+8-LTS-188)
# Java VM: Java HotSpot(TM) 64-Bit Server VM (21.0.6+8-LTS-188, mixed mode, sharing, tiered, compressed oops, compressed class ptrs, g1 gc, windows-amd64)
GC Precious Log:
 CardTable entry size: 512
 Card Set container configuration: InlinePtr #cards 5 size 8 Array Of Cards #cards 12 size 40 Howl #buckets 4 coarsen threshold 1843 Howl Bitmap #cards 512 size 80 coarsen threshold 460 Card regions per heap region 1 cards per card region 2048
 CPUs: 4 total, 4 available
 Memory: 6030M
 Large Page Support: Disabled
 NUMA Support: Disabled
 Compressed Oops: Enabled (32-bit)
 Heap Region Size: 1M
 Heap Min Capacity: 8M
 Heap Initial Capacity: 96M
 Heap Max Capacity: 1508M
 Pre-touch: Disabled
 Parallel Workers: 4
 Concurrent Workers: 1
 Concurrent Refinement Workers: 4
 Periodic GC: Disabled
Heap:
 garbage-first heap   total 58368K, used 35840K [0x00000000a1c00000, 0x0000000100000000)
  region size 1024K, 12 young (12288K), 4 survivors (4096K)
 Metaspace       used 70418K, committed 71168K, reserved 1114112K
  class space    used 9336K, committed 9664K, reserved 1048576K
GC Heap History (20 events):
Event: 4.021 GC heap before
{Heap before GC invocations=3 (full 0):
 garbage-first heap   total 98304K, used 28247K [0x00000000a1c00000, 0x0000000100000000)
  region size 1024K, 23 young (23552K), 4 survivors (4096K)
 Metaspace       used 21101K, committed 21504K, reserved 1114112K
  class space    used 2596K, committed 2816K, reserved 1048576K
}
Event: 4.032 GC heap after
{Heap after GC invocations=4 (full 0):
 garbage-first heap   total 98304K, used 12647K [0x00000000a1c00000, 0x0000000100000000)
  region size 1024K, 6 young (6144K), 6 survivors (6144K)
 Metaspace       used 21101K, committed 21504K, reserved 1114112K
  class space    used 2596K, committed 2816K, reserved 1048576K
}
Event: 4.796 GC heap before
{Heap before GC invocations=5 (full 0):
 garbage-first heap   total 48128K, used 34151K [0x00000000a1c00000, 0x0000000100000000)
  region size 1024K, 28 young (28672K), 6 survivors (6144K)
 Metaspace       used 25282K, committed 25664K, reserved 1114112K
  class space    used 3118K, committed 3264K, reserved 1048576K
}
Event: 4.807 GC heap after
{Heap after GC invocations=6 (full 0):
 garbage-first heap   total 48128K, used 14772K [0x00000000a1c00000, 0x0000000100000000)
  region size 1024K, 4 young (4096K), 4 survivors (4096K)
 Metaspace       used 25282K, committed 25664K, reserved 1114112K
  class space    used 3118K, committed 3264K, reserved 1048576K
}
Event: 6.620 GC heap before
{Heap before GC invocations=6 (full 0):
 garbage-first heap   total 48128K, used 36276K [0x00000000a1c00000, 0x0000000100000000)
  region size 1024K, 25 young (25600K), 4 survivors (4096K)
 Metaspace       used 28607K, committed 28928K, reserved 1114112K
  class space    used 3567K, committed 3712K, reserved 1048576K
}
Event: 6.632 GC heap after
{Heap after GC invocations=7 (full 0):
 garbage-first heap   total 58368K, used 16303K [0x00000000a1c00000, 0x0000000100000000)
  region size 1024K, 3 young (3072K), 3 survivors (3072K)
 Metaspace       used 28607K, committed 28928K, reserved 1114112K
  class space    used 3567K, committed 3712K, reserved 1048576K
}
Event: 9.904 GC heap before
{Heap before GC invocations=7 (full 0):
 garbage-first heap   total 58368K, used 43951K [0x00000000a1c00000, 0x0000000100000000)
  region size 1024K, 31 young (31744K), 3 survivors (3072K)
 Metaspace       used 34431K, committed 35008K, reserved 1114112K
  class space    used 4348K, committed 4608K, reserved 1048576K
}
Event: 9.920 GC heap after
{Heap after GC invocations=8 (full 0):
 garbage-first heap   total 58368K, used 18768K [0x00000000a1c00000, 0x0000000100000000)
  region size 1024K, 4 young (4096K), 4 survivors (4096K)
 Metaspace       used 34431K, committed 35008K, reserved 1114112K
  class space    used 4348K, committed 4608K, reserved 1048576K
}
Event: 11.375 GC heap before
{Heap before GC invocations=8 (full 0):
 garbage-first heap   total 58368K, used 25936K [0x00000000a1c00000, 0x0000000100000000)
  region size 1024K, 12 young (12288K), 4 survivors (4096K)
 Metaspace       used 35434K, committed 35968K, reserved 1114112K
  class space    used 4489K, committed 4736K, reserved 1048576K
}
Event: 11.382 GC heap after
{Heap after GC invocations=9 (full 0):
 garbage-first heap   total 58368K, used 19845K [0x00000000a1c00000, 0x0000000100000000)
  region size 1024K, 1 young (1024K), 1 survivors (1024K)
 Metaspace       used 35434K, committed 35968K, reserved 1114112K
  class space    used 4489K, committed 4736K, reserved 1048576K
}
Event: 13.613 GC heap before
{Heap before GC invocations=10 (full 0):
 garbage-first heap   total 58368K, used 47493K [0x00000000a1c00000, 0x0000000100000000)
  region size 1024K, 29 young (29696K), 1 survivors (1024K)
 Metaspace       used 42733K, committed 43264K, reserved 1114112K
  class space    used 5575K, committed 5824K, reserved 1048576K
}
Event: 13.618 GC heap after
{Heap after GC invocations=11 (full 0):
 garbage-first heap   total 58368K, used 21117K [0x00000000a1c00000, 0x0000000100000000)
  region size 1024K, 3 young (3072K), 3 survivors (3072K)
 Metaspace       used 42733K, committed 43264K, reserved 1114112K
  class space    used 5575K, committed 5824K, reserved 1048576K
}
Event: 16.730 GC heap before
{Heap before GC invocations=11 (full 0):
 garbage-first heap   total 58368K, used 47741K [0x00000000a1c00000, 0x0000000100000000)
  region size 1024K, 30 young (30720K), 3 survivors (3072K)
 Metaspace       used 53541K, committed 54208K, reserved 1114112K
  class space    used 6881K, committed 7168K, reserved 1048576K
}
Event: 16.742 GC heap after
{Heap after GC invocations=12 (full 0):
 garbage-first heap   total 58368K, used 23148K [0x00000000a1c00000, 0x0000000100000000)
  region size 1024K, 4 young (4096K), 4 survivors (4096K)
 Metaspace       used 53541K, committed 54208K, reserved 1114112K
  class space    used 6881K, committed 7168K, reserved 1048576K
}
Event: 18.106 GC heap before
{Heap before GC invocations=12 (full 0):
 garbage-first heap   total 58368K, used 43628K [0x00000000a1c00000, 0x0000000100000000)
  region size 1024K, 26 young (26624K), 4 survivors (4096K)
 Metaspace       used 59855K, committed 60480K, reserved 1114112K
  class space    used 7836K, committed 8128K, reserved 1048576K
}
Event: 18.115 GC heap after
{Heap after GC invocations=13 (full 0):
 garbage-first heap   total 58368K, used 25019K [0x00000000a1c00000, 0x0000000100000000)
  region size 1024K, 2 young (2048K), 2 survivors (2048K)
 Metaspace       used 59855K, committed 60480K, reserved 1114112K
  class space    used 7836K, committed 8128K, reserved 1048576K
}
Event: 19.621 GC heap before
{Heap before GC invocations=14 (full 0):
 garbage-first heap   total 58368K, used 49595K [0x00000000a1c00000, 0x0000000100000000)
  region size 1024K, 27 young (27648K), 2 survivors (2048K)
 Metaspace       used 65658K, committed 66368K, reserved 1114112K
  class space    used 8663K, committed 8960K, reserved 1048576K
}
Event: 19.626 GC heap after
{Heap after GC invocations=15 (full 0):
 garbage-first heap   total 58368K, used 26403K [0x00000000a1c00000, 0x0000000100000000)
  region size 1024K, 3 young (3072K), 3 survivors (3072K)
 Metaspace       used 65658K, committed 66368K, reserved 1114112K
  class space    used 8663K, committed 8960K, reserved 1048576K
}
Event: 21.080 GC heap before
{Heap before GC invocations=15 (full 0):
 garbage-first heap   total 58368K, used 50979K [0x00000000a1c00000, 0x0000000100000000)
  region size 1024K, 27 young (27648K), 3 survivors (3072K)
 Metaspace       used 69588K, committed 70336K, reserved 1114112K
  class space    used 9221K, committed 9536K, reserved 1048576K
}
Event: 21.091 GC heap after
{Heap after GC invocations=16 (full 0):
 garbage-first heap   total 58368K, used 28672K [0x00000000a1c00000, 0x0000000100000000)
  region size 1024K, 4 young (4096K), 4 survivors (4096K)
 Metaspace       used 69588K, committed 70336K, reserved 1114112K
  class space    used 9221K, committed 9536K, reserved 1048576K
}

